<?xml version="1.0" encoding="UTF-8"?>
<testng-results ignored="0" total="2" passed="2" failed="0" skipped="0">
  <reporter-output>
  </reporter-output>
  <suite started-at="2024-10-29T06:43:21Z" name="Suite" finished-at="2024-10-29T06:43:58Z" duration-ms="37146">
    <groups>
    </groups>
    <test started-at="2024-10-29T06:43:21Z" name="Test" finished-at="2024-10-29T06:43:58Z" duration-ms="37146">
      <class name="testcases.LoginTest">
        <test-method is-config="true" signature="SetUp()[pri:0, instance:testcases.LoginTest@291f18]" started-at="2024-10-29T06:43:21Z" name="SetUp" finished-at="2024-10-29T06:43:33Z" duration-ms="11728" status="PASS">
          <reporter-output>
          </reporter-output>
        </test-method> <!-- SetUp -->
        <test-method signature="LoginFailiureTest()[pri:0, instance:testcases.LoginTest@291f18]" started-at="2024-10-29T06:43:33Z" name="LoginFailiureTest" finished-at="2024-10-29T06:43:42Z" duration-ms="9363" status="PASS">
          <reporter-output>
          </reporter-output>
        </test-method> <!-- LoginFailiureTest -->
        <test-method is-config="true" signature="TearDown()[pri:0, instance:testcases.LoginTest@291f18]" started-at="2024-10-29T06:43:42Z" name="TearDown" finished-at="2024-10-29T06:43:43Z" duration-ms="349" status="PASS">
          <reporter-output>
          </reporter-output>
        </test-method> <!-- TearDown -->
        <test-method is-config="true" signature="SetUp()[pri:0, instance:testcases.LoginTest@291f18]" started-at="2024-10-29T06:43:43Z" name="SetUp" finished-at="2024-10-29T06:43:47Z" duration-ms="4500" status="PASS">
          <reporter-output>
          </reporter-output>
        </test-method> <!-- SetUp -->
        <test-method signature="LoginSuccessTest()[pri:0, instance:testcases.LoginTest@291f18]" started-at="2024-10-29T06:43:47Z" name="LoginSuccessTest" finished-at="2024-10-29T06:43:58Z" duration-ms="10850" status="PASS">
          <reporter-output>
          </reporter-output>
        </test-method> <!-- LoginSuccessTest -->
        <test-method is-config="true" signature="TearDown()[pri:0, instance:testcases.LoginTest@291f18]" started-at="2024-10-29T06:43:58Z" name="TearDown" finished-at="2024-10-29T06:43:58Z" duration-ms="312" status="PASS">
          <reporter-output>
          </reporter-output>
        </test-method> <!-- TearDown -->
      </class> <!-- testcases.LoginTest -->
    </test> <!-- Test -->
  </suite> <!-- Suite -->
</testng-results>
